<?xml version="1.0" encoding="UTF-8"?>
<testng-results skipped="0" failed="0" total="1" passed="1">
  <reporter-output>
  </reporter-output>
  <suite name="Default suite" duration-ms="17786" started-at="2021-12-06T08:37:39Z" finished-at="2021-12-06T08:37:56Z">
    <groups>
      <group name="Smoke Test">
        <method signature="TestFlightBookingFunctionality.test_Single_Flight_Booking_On_Same_Route()[pri:0, instance:testcases.TestFlightBookingFunctionality@4bec1f0c]" name="test_Single_Flight_Booking_On_Same_Route" class="testcases.TestFlightBookingFunctionality"/>
      </group> <!-- Smoke Test -->
    </groups>
    <test name="Default test" duration-ms="17786" started-at="2021-12-06T08:37:39Z" finished-at="2021-12-06T08:37:56Z">
      <class name="testcases.TestFlightBookingFunctionality">
        <test-method status="PASS" signature="setUp()[pri:0, instance:testcases.TestFlightBookingFunctionality@4bec1f0c]" name="setUp" is-config="true" duration-ms="9928" started-at="2021-12-06T14:07:39Z" finished-at="2021-12-06T14:07:48Z">
          <reporter-output>
          </reporter-output>
        </test-method> <!-- setUp -->
        <test-method status="PASS" signature="test_Single_Flight_Booking_On_Same_Route()[pri:0, instance:testcases.TestFlightBookingFunctionality@4bec1f0c]" name="test_Single_Flight_Booking_On_Same_Route" duration-ms="6200" started-at="2021-12-06T14:07:48Z" finished-at="2021-12-06T14:07:55Z">
          <reporter-output>
          </reporter-output>
        </test-method> <!-- test_Single_Flight_Booking_On_Same_Route -->
        <test-method status="PASS" signature="cleanUp(org.testng.ITestResult)[pri:0, instance:testcases.TestFlightBookingFunctionality@4bec1f0c]" name="cleanUp" is-config="true" duration-ms="1626" started-at="2021-12-06T14:07:55Z" finished-at="2021-12-06T14:07:56Z">
          <params>
            <param index="0">
              <value>
                <![CDATA[[TestResult name=test_Single_Flight_Booking_On_Same_Route status=SUCCESS method=TestFlightBookingFunctionality.test_Single_Flight_Booking_On_Same_Route()[pri:0, instance:testcases.TestFlightBookingFunctionality@4bec1f0c] output={null}]]]>
              </value>
            </param>
          </params>
          <reporter-output>
          </reporter-output>
        </test-method> <!-- cleanUp -->
      </class> <!-- testcases.TestFlightBookingFunctionality -->
    </test> <!-- Default test -->
  </suite> <!-- Default suite -->
</testng-results>
