<?xml version="1.0" encoding="UTF-8"?>
<!-- Generated by org.testng.reporters.JUnitXMLReporter -->
<testsuite hostname="LAPTOP-5E70634L" name="IETest" tests="1" failures="0" timestamp="6 Dec 2021 08:01:29 GMT" time="5.609" errors="0">
  <testcase name="@BeforeTest preCondition" time="0.0" classname="testcases.test">
    <failure type="java.lang.NullPointerException">
      <![CDATA[java.lang.NullPointerException
	at utils.ReportUtils.reportLog(ReportUtils.java:25)
	at utils.BrowserFactory.preCondition(BrowserFactory.java:46)
	at java.util.concurrent.FutureTask.run(Unknown Source)
	at java.util.concurrent.ThreadPoolExecutor.runWorker(Unknown Source)
	at java.util.concurrent.ThreadPoolExecutor$Worker.run(Unknown Source)
	at java.lang.Thread.run(Unknown Source)
... Removed 14 stack frames]]>
    </failure>
  </testcase> <!-- @BeforeTest preCondition -->
  <testcase name="@BeforeClass setUp" time="0.0" classname="testcases.test">
    <skipped/>
  </testcase> <!-- @BeforeClass setUp -->
  <testcase name="@AfterTest postCondition" time="0.0" classname="testcases.test">
    <skipped/>
  </testcase> <!-- @AfterTest postCondition -->
  <testcase name="test_Single_Flight_Booking_On_Same_Route" time="0.005" classname="testcases.test">
    <skipped/>
  </testcase> <!-- test_Single_Flight_Booking_On_Same_Route -->
</testsuite> <!-- IETest -->
